# JRE version: Java(TM) SE Runtime Environment (18.0.2.1+1) (build 18.0.2.1+1-1)
# Java VM: Java HotSpot(TM) 64-Bit Server VM (18.0.2.1+1-1, mixed mode, emulated-client, sharing, tiered, compressed oops, compressed class ptrs, g1 gc, windows-amd64)
GC Precious Log:
 CardTable entry size: 512
 Card Set container configuration: InlinePtr #cards 4 size 8 Array Of Cards #cards 16 size 48 Howl #buckets 8 coarsen threshold 3686 Howl Bitmap #cards 512 size 80 coarsen threshold 460 Card regions per heap region 1 cards per card region 4096
 CPUs: 8 total, 8 available
 Memory: 16012M
 Large Page Support: Disabled
 NUMA Support: Disabled
 Compressed Oops: Enabled (Zero based)
 Heap Region Size: 2M
 Heap Min Capacity: 8M
 Heap Initial Capacity: 252M
 Heap Max Capacity: 4004M
 Pre-touch: Disabled
 Parallel Workers: 8
 Concurrent Workers: 2
 Concurrent Refinement Workers: 8
 Periodic GC: Disabled
Heap:
 garbage-first heap   total 90112K, used 61335K [0x0000000705c00000, 0x0000000800000000)
  region size 2048K, 18 young (36864K), 3 survivors (6144K)
 Metaspace       used 57889K, committed 58368K, reserved 1114112K
  class space    used 7978K, committed 8192K, reserved 1048576K
GC Heap History (20 events):
Event: 1.281 GC heap before
{Heap before GC invocations=2 (full 0):
 garbage-first heap   total 258048K, used 62043K [0x0000000705c00000, 0x0000000800000000)
  region size 2048K, 27 young (55296K), 1 survivors (2048K)
 Metaspace       used 17975K, committed 18240K, reserved 1114112K
  class space    used 2379K, committed 2496K, reserved 1048576K
}
Event: 1.285 GC heap after
{Heap after GC invocations=3 (full 0):
 garbage-first heap   total 258048K, used 13791K [0x0000000705c00000, 0x0000000800000000)
  region size 2048K, 3 young (6144K), 3 survivors (6144K)
 Metaspace       used 17975K, committed 18240K, reserved 1114112K
  class space    used 2379K, committed 2496K, reserved 1048576K
}
Event: 1.653 GC heap before
{Heap before GC invocations=3 (full 0):
 garbage-first heap   total 258048K, used 48607K [0x0000000705c00000, 0x0000000800000000)
  region size 2048K, 21 young (43008K), 3 survivors (6144K)
 Metaspace       used 21237K, committed 21504K, reserved 1114112K
  class space    used 2818K, committed 2944K, reserved 1048576K
}
Event: 1.657 GC heap after
{Heap after GC invocations=4 (full 0):
 garbage-first heap   total 258048K, used 16035K [0x0000000705c00000, 0x0000000800000000)
  region size 2048K, 4 young (8192K), 4 survivors (8192K)
 Metaspace       used 21237K, committed 21504K, reserved 1114112K
  class space    used 2818K, committed 2944K, reserved 1048576K
}
Event: 2.314 GC heap before
{Heap before GC invocations=5 (full 0):
 garbage-first heap   total 69632K, used 67235K [0x0000000705c00000, 0x0000000800000000)
  region size 2048K, 29 young (59392K), 4 survivors (8192K)
 Metaspace       used 28221K, committed 28608K, reserved 1114112K
  class space    used 3802K, committed 3968K, reserved 1048576K
}
Event: 2.322 GC heap after
{Heap after GC invocations=6 (full 0):
 garbage-first heap   total 81920K, used 20828K [0x0000000705c00000, 0x0000000800000000)
  region size 2048K, 6 young (12288K), 6 survivors (12288K)
 Metaspace       used 28221K, committed 28608K, reserved 1114112K
  class space    used 3802K, committed 3968K, reserved 1048576K
}
Event: 2.331 GC heap before
{Heap before GC invocations=6 (full 0):
 garbage-first heap   total 81920K, used 22876K [0x0000000705c00000, 0x0000000800000000)
  region size 2048K, 7 young (14336K), 6 survivors (12288K)
 Metaspace       used 28221K, committed 28608K, reserved 1114112K
  class space    used 3802K, committed 3968K, reserved 1048576K
}
Event: 2.339 GC heap after
{Heap after GC invocations=7 (full 0):
 garbage-first heap   total 81920K, used 21767K [0x0000000705c00000, 0x0000000800000000)
  region size 2048K, 1 young (2048K), 1 survivors (2048K)
 Metaspace       used 28221K, committed 28608K, reserved 1114112K
  class space    used 3802K, committed 3968K, reserved 1048576K
}
Event: 2.717 GC heap before
{Heap before GC invocations=7 (full 0):
 garbage-first heap   total 81920K, used 54535K [0x0000000705c00000, 0x0000000800000000)
  region size 2048K, 18 young (36864K), 1 survivors (2048K)
 Metaspace       used 33245K, committed 33600K, reserved 1114112K
  class space    used 4565K, committed 4736K, reserved 1048576K
}
Event: 2.720 GC heap after
{Heap after GC invocations=8 (full 0):
 garbage-first heap   total 172032K, used 21961K [0x0000000705c00000, 0x0000000800000000)
  region size 2048K, 2 young (4096K), 2 survivors (4096K)
 Metaspace       used 33245K, committed 33600K, reserved 1114112K
  class space    used 4565K, committed 4736K, reserved 1048576K
}
Event: 2.848 GC heap before
{Heap before GC invocations=8 (full 0):
 garbage-first heap   total 172032K, used 30153K [0x0000000705c00000, 0x0000000800000000)
  region size 2048K, 7 young (14336K), 2 survivors (4096K)
 Metaspace       used 35743K, committed 36096K, reserved 1114112K
  class space    used 4876K, committed 5056K, reserved 1048576K
}
Event: 2.850 GC heap after
{Heap after GC invocations=9 (full 0):
 garbage-first heap   total 172032K, used 23039K [0x0000000705c00000, 0x0000000800000000)
  region size 2048K, 2 young (4096K), 2 survivors (4096K)
 Metaspace       used 35743K, committed 36096K, reserved 1114112K
  class space    used 4876K, committed 5056K, reserved 1048576K
}
Event: 3.522 GC heap before
{Heap before GC invocations=10 (full 0):
 garbage-first heap   total 90112K, used 72191K [0x0000000705c00000, 0x0000000800000000)
  region size 2048K, 26 young (53248K), 2 survivors (4096K)
 Metaspace       used 44637K, committed 44992K, reserved 1114112K
  class space    used 6187K, committed 6336K, reserved 1048576K
}
Event: 3.526 GC heap after
{Heap after GC invocations=11 (full 0):
 garbage-first heap   total 90112K, used 26194K [0x0000000705c00000, 0x0000000800000000)
  region size 2048K, 4 young (8192K), 4 survivors (8192K)
 Metaspace       used 44637K, committed 44992K, reserved 1114112K
  class space    used 6187K, committed 6336K, reserved 1048576K
}
Event: 3.549 GC heap before
{Heap before GC invocations=11 (full 0):
 garbage-first heap   total 90112K, used 28242K [0x0000000705c00000, 0x0000000800000000)
  region size 2048K, 5 young (10240K), 4 survivors (8192K)
 Metaspace       used 44928K, committed 45376K, reserved 1114112K
  class space    used 6224K, committed 6400K, reserved 1048576K
}
Event: 3.553 GC heap after
{Heap after GC invocations=12 (full 0):
 garbage-first heap   total 90112K, used 26785K [0x0000000705c00000, 0x0000000800000000)
  region size 2048K, 1 young (2048K), 1 survivors (2048K)
 Metaspace       used 44928K, committed 45376K, reserved 1114112K
  class space    used 6224K, committed 6400K, reserved 1048576K
}
Event: 3.933 GC heap before
{Heap before GC invocations=12 (full 0):
 garbage-first heap   total 90112K, used 65697K [0x0000000705c00000, 0x0000000800000000)
  region size 2048K, 20 young (40960K), 1 survivors (2048K)
 Metaspace       used 49100K, committed 49600K, reserved 1114112K
  class space    used 6782K, committed 7040K, reserved 1048576K
}
Event: 3.936 GC heap after
{Heap after GC invocations=13 (full 0):
 garbage-first heap   total 90112K, used 28968K [0x0000000705c00000, 0x0000000800000000)
  region size 2048K, 2 young (4096K), 2 survivors (4096K)
 Metaspace       used 49100K, committed 49600K, reserved 1114112K
  class space    used 6782K, committed 7040K, reserved 1048576K
}
Event: 4.401 GC heap before
{Heap before GC invocations=13 (full 0):
 garbage-first heap   total 90112K, used 67880K [0x0000000705c00000, 0x0000000800000000)
  region size 2048K, 21 young (43008K), 2 survivors (4096K)
 Metaspace       used 53710K, committed 54208K, reserved 1114112K
  class space    used 7383K, committed 7616K, reserved 1048576K
}
Event: 4.405 GC heap after
{Heap after GC invocations=14 (full 0):
 garbage-first heap   total 90112K, used 32663K [0x0000000705c00000, 0x0000000800000000)
  region size 2048K, 3 young (6144K), 3 survivors (6144K)
 Metaspace       used 53710K, committed 54208K, reserved 1114112K
  class space    used 7383K, committed 7616K, reserved 1048576K
}

