# JRE version: Java(TM) SE Runtime Environment (18.0.2.1+1) (build 18.0.2.1+1-1)
# Java VM: Java HotSpot(TM) 64-Bit Server VM (18.0.2.1+1-1, mixed mode, emulated-client, sharing, tiered, compressed oops, compressed class ptrs, g1 gc, windows-amd64)
GC Precious Log:
 CardTable entry size: 512
 Card Set container configuration: InlinePtr #cards 4 size 8 Array Of Cards #cards 16 size 48 Howl #buckets 8 coarsen threshold 3686 Howl Bitmap #cards 512 size 80 coarsen threshold 460 Card regions per heap region 1 cards per card region 4096
 CPUs: 8 total, 8 available
 Memory: 16012M
 Large Page Support: Disabled
 NUMA Support: Disabled
 Compressed Oops: Enabled (Zero based)
 Heap Region Size: 2M
 Heap Min Capacity: 8M
 Heap Initial Capacity: 252M
 Heap Max Capacity: 4004M
 Pre-touch: Disabled
 Parallel Workers: 8
 Concurrent Workers: 2
 Concurrent Refinement Workers: 8
 Periodic GC: Disabled
Heap:
 garbage-first heap   total 90112K, used 40228K [0x0000000705c00000, 0x0000000800000000)
  region size 2048K, 4 young (8192K), 2 survivors (4096K)
 Metaspace       used 69017K, committed 69632K, reserved 1114112K
  class space    used 9160K, committed 9472K, reserved 1048576K
GC Heap History (20 events):
Event: 3.049 GC heap before
{Heap before GC invocations=8 (full 0):
 garbage-first heap   total 174080K, used 30060K [0x0000000705c00000, 0x0000000800000000)
  region size 2048K, 6 young (12288K), 1 survivors (2048K)
 Metaspace       used 35776K, committed 36096K, reserved 1114112K
  class space    used 4885K, committed 5056K, reserved 1048576K
}
Event: 3.052 GC heap after
{Heap after GC invocations=9 (full 0):
 garbage-first heap   total 174080K, used 23061K [0x0000000705c00000, 0x0000000800000000)
  region size 2048K, 2 young (4096K), 2 survivors (4096K)
 Metaspace       used 35776K, committed 36096K, reserved 1114112K
  class space    used 4885K, committed 5056K, reserved 1048576K
}
Event: 3.693 GC heap before
{Heap before GC invocations=10 (full 0):
 garbage-first heap   total 90112K, used 72213K [0x0000000705c00000, 0x0000000800000000)
  region size 2048K, 26 young (53248K), 2 survivors (4096K)
 Metaspace       used 44542K, committed 44928K, reserved 1114112K
  class space    used 6153K, committed 6336K, reserved 1048576K
}
Event: 3.697 GC heap after
{Heap after GC invocations=11 (full 0):
 garbage-first heap   total 90112K, used 26205K [0x0000000705c00000, 0x0000000800000000)
  region size 2048K, 4 young (8192K), 4 survivors (8192K)
 Metaspace       used 44542K, committed 44928K, reserved 1114112K
  class space    used 6153K, committed 6336K, reserved 1048576K
}
Event: 3.720 GC heap before
{Heap before GC invocations=11 (full 0):
 garbage-first heap   total 90112K, used 28253K [0x0000000705c00000, 0x0000000800000000)
  region size 2048K, 5 young (10240K), 4 survivors (8192K)
 Metaspace       used 44718K, committed 45056K, reserved 1114112K
  class space    used 6183K, committed 6336K, reserved 1048576K
}
Event: 3.724 GC heap after
{Heap after GC invocations=12 (full 0):
 garbage-first heap   total 90112K, used 26873K [0x0000000705c00000, 0x0000000800000000)
  region size 2048K, 1 young (2048K), 1 survivors (2048K)
 Metaspace       used 44718K, committed 45056K, reserved 1114112K
  class space    used 6183K, committed 6336K, reserved 1048576K
}
Event: 4.123 GC heap before
{Heap before GC invocations=12 (full 0):
 garbage-first heap   total 90112K, used 65785K [0x0000000705c00000, 0x0000000800000000)
  region size 2048K, 20 young (40960K), 1 survivors (2048K)
 Metaspace       used 49103K, committed 49536K, reserved 1114112K
  class space    used 6769K, committed 6976K, reserved 1048576K
}
Event: 4.126 GC heap after
{Heap after GC invocations=13 (full 0):
 garbage-first heap   total 90112K, used 28815K [0x0000000705c00000, 0x0000000800000000)
  region size 2048K, 2 young (4096K), 2 survivors (4096K)
 Metaspace       used 49103K, committed 49536K, reserved 1114112K
  class space    used 6769K, committed 6976K, reserved 1048576K
}
Event: 4.585 GC heap before
{Heap before GC invocations=13 (full 0):
 garbage-first heap   total 90112K, used 67727K [0x0000000705c00000, 0x0000000800000000)
  region size 2048K, 21 young (43008K), 2 survivors (4096K)
 Metaspace       used 53504K, committed 53952K, reserved 1114112K
  class space    used 7356K, committed 7552K, reserved 1048576K
}
Event: 4.589 GC heap after
{Heap after GC invocations=14 (full 0):
 garbage-first heap   total 90112K, used 32031K [0x0000000705c00000, 0x0000000800000000)
  region size 2048K, 3 young (6144K), 3 survivors (6144K)
 Metaspace       used 53504K, committed 53952K, reserved 1114112K
  class space    used 7356K, committed 7552K, reserved 1048576K
}
Event: 4.984 GC heap before
{Heap before GC invocations=14 (full 0):
 garbage-first heap   total 90112K, used 68895K [0x0000000705c00000, 0x0000000800000000)
  region size 2048K, 21 young (43008K), 3 survivors (6144K)
 Metaspace       used 59151K, committed 59712K, reserved 1114112K
  class space    used 8115K, committed 8384K, reserved 1048576K
}
Event: 4.990 GC heap after
{Heap after GC invocations=15 (full 0):
 garbage-first heap   total 90112K, used 35970K [0x0000000705c00000, 0x0000000800000000)
  region size 2048K, 3 young (6144K), 3 survivors (6144K)
 Metaspace       used 59151K, committed 59712K, reserved 1114112K
  class space    used 8115K, committed 8384K, reserved 1048576K
}
Event: 5.030 GC heap before
{Heap before GC invocations=15 (full 0):
 garbage-first heap   total 90112K, used 40066K [0x0000000705c00000, 0x0000000800000000)
  region size 2048K, 6 young (12288K), 3 survivors (6144K)
 Metaspace       used 60411K, committed 60928K, reserved 1114112K
  class space    used 8189K, committed 8448K, reserved 1048576K
}
Event: 5.032 GC heap after
{Heap after GC invocations=16 (full 0):
 garbage-first heap   total 90112K, used 36653K [0x0000000705c00000, 0x0000000800000000)
  region size 2048K, 1 young (2048K), 1 survivors (2048K)
 Metaspace       used 60411K, committed 60928K, reserved 1114112K
  class space    used 8189K, committed 8448K, reserved 1048576K
}
Event: 60.464 GC heap before
{Heap before GC invocations=17 (full 0):
 garbage-first heap   total 90112K, used 67373K [0x0000000705c00000, 0x0000000800000000)
  region size 2048K, 17 young (34816K), 1 survivors (2048K)
 Metaspace       used 66744K, committed 67328K, reserved 1114112K
  class space    used 8910K, committed 9216K, reserved 1048576K
}
Event: 60.466 GC heap after
{Heap after GC invocations=18 (full 0):
 garbage-first heap   total 90112K, used 37697K [0x0000000705c00000, 0x0000000800000000)
  region size 2048K, 1 young (2048K), 1 survivors (2048K)
 Metaspace       used 66744K, committed 67328K, reserved 1114112K
  class space    used 8910K, committed 9216K, reserved 1048576K
}
Event: 561.546 GC heap before
{Heap before GC invocations=18 (full 0):
 garbage-first heap   total 90112K, used 70465K [0x0000000705c00000, 0x0000000800000000)
  region size 2048K, 17 young (34816K), 1 survivors (2048K)
 Metaspace       used 69017K, committed 69632K, reserved 1114112K
  class space    used 9160K, committed 9472K, reserved 1048576K
}
Event: 561.552 GC heap after
{Heap after GC invocations=19 (full 0):
 garbage-first heap   total 90112K, used 38122K [0x0000000705c00000, 0x0000000800000000)
  region size 2048K, 2 young (4096K), 2 survivors (4096K)
 Metaspace       used 69017K, committed 69632K, reserved 1114112K
  class space    used 9160K, committed 9472K, reserved 1048576K
}
Event: 1253.208 GC heap before
{Heap before GC invocations=19 (full 0):
 garbage-first heap   total 90112K, used 70890K [0x0000000705c00000, 0x0000000800000000)
  region size 2048K, 18 young (36864K), 2 survivors (4096K)
 Metaspace       used 69017K, committed 69632K, reserved 1114112K
  class space    used 9160K, committed 9472K, reserved 1048576K
}
Event: 1253.212 GC heap after
{Heap after GC invocations=20 (full 0):
 garbage-first heap   total 90112K, used 38180K [0x0000000705c00000, 0x0000000800000000)
  region size 2048K, 2 young (4096K), 2 survivors (4096K)
 Metaspace       used 69017K, committed 69632K, reserved 1114112K
  class space    used 9160K, committed 9472K, reserved 1048576K
}

