# JRE version: Java(TM) SE Runtime Environment (18.0.2.1+1) (build 18.0.2.1+1-1)
# Java VM: Java HotSpot(TM) 64-Bit Server VM (18.0.2.1+1-1, mixed mode, emulated-client, sharing, tiered, compressed oops, compressed class ptrs, g1 gc, windows-amd64)
GC Precious Log:
 CardTable entry size: 512
 Card Set container configuration: InlinePtr #cards 4 size 8 Array Of Cards #cards 16 size 48 Howl #buckets 8 coarsen threshold 3686 Howl Bitmap #cards 512 size 80 coarsen threshold 460 Card regions per heap region 1 cards per card region 4096
 CPUs: 8 total, 8 available
 Memory: 16012M
 Large Page Support: Disabled
 NUMA Support: Disabled
 Compressed Oops: Enabled (Zero based)
 Heap Region Size: 2M
 Heap Min Capacity: 8M
 Heap Initial Capacity: 252M
 Heap Max Capacity: 4004M
 Pre-touch: Disabled
 Parallel Workers: 8
 Concurrent Workers: 2
 Concurrent Refinement Workers: 8
 Periodic GC: Disabled
Heap:
 garbage-first heap   total 90112K, used 64579K [0x0000000705c00000, 0x0000000800000000)
  region size 2048K, 16 young (32768K), 1 survivors (2048K)
 Metaspace       used 68983K, committed 69632K, reserved 1114112K
  class space    used 9175K, committed 9472K, reserved 1048576K
GC Heap History (20 events):
Event: 2.833 GC heap before
{Heap before GC invocations=7 (full 0):
 garbage-first heap   total 81920K, used 54421K [0x0000000705c00000, 0x0000000800000000)
  region size 2048K, 18 young (36864K), 1 survivors (2048K)
 Metaspace       used 32743K, committed 33152K, reserved 1114112K
  class space    used 4452K, committed 4608K, reserved 1048576K
}
Event: 2.836 GC heap after
{Heap after GC invocations=8 (full 0):
 garbage-first heap   total 163840K, used 22025K [0x0000000705c00000, 0x0000000800000000)
  region size 2048K, 2 young (4096K), 2 survivors (4096K)
 Metaspace       used 32743K, committed 33152K, reserved 1114112K
  class space    used 4452K, committed 4608K, reserved 1048576K
}
Event: 2.990 GC heap before
{Heap before GC invocations=8 (full 0):
 garbage-first heap   total 163840K, used 32265K [0x0000000705c00000, 0x0000000800000000)
  region size 2048K, 8 young (16384K), 2 survivors (4096K)
 Metaspace       used 35778K, committed 36096K, reserved 1114112K
  class space    used 4887K, committed 5056K, reserved 1048576K
}
Event: 2.992 GC heap after
{Heap after GC invocations=9 (full 0):
 garbage-first heap   total 163840K, used 23229K [0x0000000705c00000, 0x0000000800000000)
  region size 2048K, 2 young (4096K), 2 survivors (4096K)
 Metaspace       used 35778K, committed 36096K, reserved 1114112K
  class space    used 4887K, committed 5056K, reserved 1048576K
}
Event: 3.635 GC heap before
{Heap before GC invocations=10 (full 0):
 garbage-first heap   total 90112K, used 72381K [0x0000000705c00000, 0x0000000800000000)
  region size 2048K, 26 young (53248K), 2 survivors (4096K)
 Metaspace       used 44539K, committed 44928K, reserved 1114112K
  class space    used 6154K, committed 6336K, reserved 1048576K
}
Event: 3.639 GC heap after
{Heap after GC invocations=11 (full 0):
 garbage-first heap   total 90112K, used 26426K [0x0000000705c00000, 0x0000000800000000)
  region size 2048K, 4 young (8192K), 4 survivors (8192K)
 Metaspace       used 44539K, committed 44928K, reserved 1114112K
  class space    used 6154K, committed 6336K, reserved 1048576K
}
Event: 3.670 GC heap before
{Heap before GC invocations=11 (full 0):
 garbage-first heap   total 90112K, used 28474K [0x0000000705c00000, 0x0000000800000000)
  region size 2048K, 5 young (10240K), 4 survivors (8192K)
 Metaspace       used 44736K, committed 45248K, reserved 1114112K
  class space    used 6186K, committed 6464K, reserved 1048576K
}
Event: 3.675 GC heap after
{Heap after GC invocations=12 (full 0):
 garbage-first heap   total 90112K, used 27151K [0x0000000705c00000, 0x0000000800000000)
  region size 2048K, 1 young (2048K), 1 survivors (2048K)
 Metaspace       used 44736K, committed 45248K, reserved 1114112K
  class space    used 6186K, committed 6464K, reserved 1048576K
}
Event: 4.082 GC heap before
{Heap before GC invocations=12 (full 0):
 garbage-first heap   total 90112K, used 66063K [0x0000000705c00000, 0x0000000800000000)
  region size 2048K, 20 young (40960K), 1 survivors (2048K)
 Metaspace       used 49118K, committed 49536K, reserved 1114112K
  class space    used 6772K, committed 6976K, reserved 1048576K
}
Event: 4.084 GC heap after
{Heap after GC invocations=13 (full 0):
 garbage-first heap   total 90112K, used 29114K [0x0000000705c00000, 0x0000000800000000)
  region size 2048K, 2 young (4096K), 2 survivors (4096K)
 Metaspace       used 49118K, committed 49536K, reserved 1114112K
  class space    used 6772K, committed 6976K, reserved 1048576K
}
Event: 4.542 GC heap before
{Heap before GC invocations=13 (full 0):
 garbage-first heap   total 90112K, used 68026K [0x0000000705c00000, 0x0000000800000000)
  region size 2048K, 21 young (43008K), 2 survivors (4096K)
 Metaspace       used 53739K, committed 54272K, reserved 1114112K
  class space    used 7376K, committed 7616K, reserved 1048576K
}
Event: 4.546 GC heap after
{Heap after GC invocations=14 (full 0):
 garbage-first heap   total 90112K, used 32768K [0x0000000705c00000, 0x0000000800000000)
  region size 2048K, 3 young (6144K), 3 survivors (6144K)
 Metaspace       used 53739K, committed 54272K, reserved 1114112K
  class space    used 7376K, committed 7616K, reserved 1048576K
}
Event: 4.956 GC heap before
{Heap before GC invocations=14 (full 0):
 garbage-first heap   total 90112K, used 69632K [0x0000000705c00000, 0x0000000800000000)
  region size 2048K, 21 young (43008K), 3 survivors (6144K)
 Metaspace       used 59165K, committed 59776K, reserved 1114112K
  class space    used 8121K, committed 8384K, reserved 1048576K
}
Event: 4.962 GC heap after
{Heap after GC invocations=15 (full 0):
 garbage-first heap   total 90112K, used 36301K [0x0000000705c00000, 0x0000000800000000)
  region size 2048K, 3 young (6144K), 3 survivors (6144K)
 Metaspace       used 59165K, committed 59776K, reserved 1114112K
  class space    used 8121K, committed 8384K, reserved 1048576K
}
Event: 4.997 GC heap before
{Heap before GC invocations=15 (full 0):
 garbage-first heap   total 90112K, used 38349K [0x0000000705c00000, 0x0000000800000000)
  region size 2048K, 5 young (10240K), 3 survivors (6144K)
 Metaspace       used 60161K, committed 60736K, reserved 1114112K
  class space    used 8179K, committed 8448K, reserved 1048576K
}
Event: 5.000 GC heap after
{Heap after GC invocations=16 (full 0):
 garbage-first heap   total 90112K, used 36917K [0x0000000705c00000, 0x0000000800000000)
  region size 2048K, 1 young (2048K), 1 survivors (2048K)
 Metaspace       used 60161K, committed 60736K, reserved 1114112K
  class space    used 8179K, committed 8448K, reserved 1048576K
}
Event: 7.514 GC heap before
{Heap before GC invocations=17 (full 0):
 garbage-first heap   total 90112K, used 67637K [0x0000000705c00000, 0x0000000800000000)
  region size 2048K, 16 young (32768K), 1 survivors (2048K)
 Metaspace       used 66807K, committed 67392K, reserved 1114112K
  class space    used 8920K, committed 9216K, reserved 1048576K
}
Event: 7.516 GC heap after
{Heap after GC invocations=18 (full 0):
 garbage-first heap   total 90112K, used 38069K [0x0000000705c00000, 0x0000000800000000)
  region size 2048K, 1 young (2048K), 1 survivors (2048K)
 Metaspace       used 66807K, committed 67392K, reserved 1114112K
  class space    used 8920K, committed 9216K, reserved 1048576K
}
Event: 34.429 GC heap before
{Heap before GC invocations=18 (full 0):
 garbage-first heap   total 90112K, used 40117K [0x0000000705c00000, 0x0000000800000000)
  region size 2048K, 2 young (4096K), 1 survivors (2048K)
 Metaspace       used 66971K, committed 67584K, reserved 1114112K
  class space    used 8941K, committed 9280K, reserved 1048576K
}
Event: 34.444 GC heap after
{Heap after GC invocations=19 (full 0):
 garbage-first heap   total 90112K, used 37955K [0x0000000705c00000, 0x0000000800000000)
  region size 2048K, 1 young (2048K), 1 survivors (2048K)
 Metaspace       used 66971K, committed 67584K, reserved 1114112K
  class space    used 8941K, committed 9280K, reserved 1048576K
}

